<?xml version="1.0" encoding="UTF-8"?>
<!-- Generated by org.testng.reporters.JUnitXMLReporter -->
<testsuite ignored="0" hostname="Arhaa" failures="1" tests="1" name="Error Validation Test" time="8.313" errors="0" timestamp="29 Nov 2024 14:10:55 GMT">
  <testcase classname="Selenium.ErrorValidation" name="errorvalidate" time="0.903">
    <failure type="java.lang.AssertionError" message="expected [Incorrect email or password.] but found [Incorrect email password.]">
      <![CDATA[java.lang.AssertionError: expected [Incorrect email or password.] but found [Incorrect email password.]
	at Selenium.ErrorValidation.errorvalidate(ErrorValidation.java:20)
	at java.base/java.util.concurrent.FutureTask.run(FutureTask.java:317)
	at java.base/java.util.concurrent.ThreadPoolExecutor.runWorker(ThreadPoolExecutor.java:1144)
	at java.base/java.util.concurrent.ThreadPoolExecutor$Worker.run(ThreadPoolExecutor.java:642)
	at java.base/java.lang.Thread.run(Thread.java:1583)
... Removed 20 stack frames]]>
    </failure>
  </testcase> <!-- errorvalidate -->
</testsuite> <!-- Error Validation Test -->
